{"C:\\Users\\mnick\\Desktop\\qwe\\src\\sequelize.js": {"path":"C:\\Users\\mnick\\Desktop\\qwe\\src\\sequelize.js","statementMap":{"0":{"start":{"line":1,"column":39},"end":{"line":1,"column":101}},"1":{"start":{"line":2,"column":182},"end":{"line":2,"column":236}},"2":{"start":{"line":4,"column":20},"end":{"line":4,"column":25}},"3":{"start":{"line":6,"column":18},"end":{"line":8,"column":30}}},"fnMap":{"0":{"name":"_interopRequireDefault","decl":{"start":{"line":2,"column":153},"end":{"line":2,"column":175}},"loc":{"start":{"line":2,"column":181},"end":{"line":2,"column":237}}}},"branchMap":{"0":{"loc":{"start":{"line":2,"column":189},"end":{"line":2,"column":235}},"type":"cond-expr","locations":[{"start":{"line":2,"column":213},"end":{"line":2,"column":216}},{"start":{"line":2,"column":219},"end":{"line":2,"column":235}}]},"1":{"loc":{"start":{"line":2,"column":189},"end":{"line":2,"column":210}},"type":"binary-expr","locations":[{"start":{"line":2,"column":189},"end":{"line":2,"column":192}},{"start":{"line":2,"column":196},"end":{"line":2,"column":210}}]}},"s":{"0":0,"1":0,"2":0,"3":0},"f":{"0":0},"b":{"0":[0,0],"1":[0,0]}}
,"C:\\Users\\mnick\\Desktop\\qwe\\src\\server.js": {"path":"C:\\Users\\mnick\\Desktop\\qwe\\src\\server.js","statementMap":{"0":{"start":{"line":1,"column":39},"end":{"line":1,"column":101}},"1":{"start":{"line":6,"column":178},"end":{"line":6,"column":232}},"2":{"start":{"line":6,"column":265},"end":{"line":6,"column":665}},"3":{"start":{"line":6,"column":295},"end":{"line":6,"column":320}},"4":{"start":{"line":6,"column":321},"end":{"line":6,"column":663}},"5":{"start":{"line":6,"column":393},"end":{"line":6,"column":485}},"6":{"start":{"line":6,"column":409},"end":{"line":6,"column":422}},"7":{"start":{"line":6,"column":435},"end":{"line":6,"column":445}},"8":{"start":{"line":6,"column":463},"end":{"line":6,"column":477}},"9":{"start":{"line":6,"column":477},"end":{"line":6,"column":484}},"10":{"start":{"line":6,"column":485},"end":{"line":6,"column":639}},"11":{"start":{"line":6,"column":501},"end":{"line":6,"column":516}},"12":{"start":{"line":6,"column":524},"end":{"line":6,"column":638}},"13":{"start":{"line":6,"column":577},"end":{"line":6,"column":597}},"14":{"start":{"line":6,"column":616},"end":{"line":6,"column":635}},"15":{"start":{"line":6,"column":640},"end":{"line":6,"column":660}},"16":{"start":{"line":8,"column":0},"end":{"line":8,"column":62}},"17":{"start":{"line":10,"column":38},"end":{"line":10,"column":62}},"18":{"start":{"line":11,"column":13},"end":{"line":11,"column":17}},"19":{"start":{"line":12,"column":0},"end":{"line":12,"column":66}},"20":{"start":{"line":13,"column":0},"end":{"line":13,"column":88}},"21":{"start":{"line":14,"column":0},"end":{"line":14,"column":64}},"22":{"start":{"line":16,"column":0},"end":{"line":18,"column":75}},"23":{"start":{"line":16,"column":60},"end":{"line":18,"column":4}},"24":{"start":{"line":17,"column":4},"end":{"line":17,"column":27}},"25":{"start":{"line":18,"column":5},"end":{"line":18,"column":69}},"26":{"start":{"line":18,"column":32},"end":{"line":18,"column":67}},"27":{"start":{"line":20,"column":0},"end":{"line":22,"column":3}},"28":{"start":{"line":21,"column":2},"end":{"line":21,"column":70}}},"fnMap":{"0":{"name":"_interopRequireDefault","decl":{"start":{"line":6,"column":149},"end":{"line":6,"column":171}},"loc":{"start":{"line":6,"column":177},"end":{"line":6,"column":233}}},"1":{"name":"_asyncToGenerator","decl":{"start":{"line":6,"column":242},"end":{"line":6,"column":259}},"loc":{"start":{"line":6,"column":264},"end":{"line":6,"column":666}}},"2":{"name":"(anonymous_2)","decl":{"start":{"line":6,"column":272},"end":{"line":6,"column":273}},"loc":{"start":{"line":6,"column":284},"end":{"line":6,"column":664}}},"3":{"name":"(anonymous_3)","decl":{"start":{"line":6,"column":340},"end":{"line":6,"column":341}},"loc":{"start":{"line":6,"column":367},"end":{"line":6,"column":661}}},"4":{"name":"step","decl":{"start":{"line":6,"column":377},"end":{"line":6,"column":381}},"loc":{"start":{"line":6,"column":392},"end":{"line":6,"column":640}}},"5":{"name":"(anonymous_5)","decl":{"start":{"line":6,"column":559},"end":{"line":6,"column":560}},"loc":{"start":{"line":6,"column":576},"end":{"line":6,"column":598}}},"6":{"name":"(anonymous_6)","decl":{"start":{"line":6,"column":600},"end":{"line":6,"column":601}},"loc":{"start":{"line":6,"column":615},"end":{"line":6,"column":636}}},"7":{"name":"(anonymous_7)","decl":{"start":{"line":16,"column":42},"end":{"line":16,"column":43}},"loc":{"start":{"line":16,"column":48},"end":{"line":18,"column":70}}},"8":{"name":"(anonymous_8)","decl":{"start":{"line":16,"column":78},"end":{"line":16,"column":79}},"loc":{"start":{"line":16,"column":99},"end":{"line":18,"column":3}}},"9":{"name":"(anonymous_9)","decl":{"start":{"line":18,"column":12},"end":{"line":18,"column":13}},"loc":{"start":{"line":18,"column":31},"end":{"line":18,"column":68}}},"10":{"name":"(anonymous_10)","decl":{"start":{"line":20,"column":17},"end":{"line":20,"column":18}},"loc":{"start":{"line":20,"column":23},"end":{"line":22,"column":1}}}},"branchMap":{"0":{"loc":{"start":{"line":6,"column":185},"end":{"line":6,"column":231}},"type":"cond-expr","locations":[{"start":{"line":6,"column":209},"end":{"line":6,"column":212}},{"start":{"line":6,"column":215},"end":{"line":6,"column":231}}]},"1":{"loc":{"start":{"line":6,"column":185},"end":{"line":6,"column":206}},"type":"binary-expr","locations":[{"start":{"line":6,"column":185},"end":{"line":6,"column":188}},{"start":{"line":6,"column":192},"end":{"line":6,"column":206}}]},"2":{"loc":{"start":{"line":6,"column":485},"end":{"line":6,"column":639}},"type":"if","locations":[{"start":{"line":6,"column":485},"end":{"line":6,"column":639}},{"start":{"line":6,"column":485},"end":{"line":6,"column":639}}]}},"s":{"0":0,"1":0,"2":0,"3":0,"4":0,"5":0,"6":0,"7":0,"8":0,"9":0,"10":0,"11":0,"12":0,"13":0,"14":0,"15":0,"16":0,"17":0,"18":0,"19":0,"20":0,"21":0,"22":0,"23":0,"24":0,"25":0,"26":0,"27":0,"28":0},"f":{"0":0,"1":0,"2":0,"3":0,"4":0,"5":0,"6":0,"7":0,"8":0,"9":0,"10":0},"b":{"0":[0,0],"1":[0,0],"2":[0,0]}}
,"C:\\Users\\mnick\\Desktop\\qwe\\src\\models\\User.js": {"path":"C:\\Users\\mnick\\Desktop\\qwe\\src\\models\\User.js","statementMap":{"0":{"start":{"line":1,"column":39},"end":{"line":1,"column":101}},"1":{"start":{"line":3,"column":187},"end":{"line":3,"column":241}},"2":{"start":{"line":5,"column":39},"end":{"line":26,"column":27}}},"fnMap":{"0":{"name":"_interopRequireDefault","decl":{"start":{"line":3,"column":158},"end":{"line":3,"column":180}},"loc":{"start":{"line":3,"column":186},"end":{"line":3,"column":242}}}},"branchMap":{"0":{"loc":{"start":{"line":3,"column":194},"end":{"line":3,"column":240}},"type":"cond-expr","locations":[{"start":{"line":3,"column":218},"end":{"line":3,"column":221}},{"start":{"line":3,"column":224},"end":{"line":3,"column":240}}]},"1":{"loc":{"start":{"line":3,"column":194},"end":{"line":3,"column":215}},"type":"binary-expr","locations":[{"start":{"line":3,"column":194},"end":{"line":3,"column":197}},{"start":{"line":3,"column":201},"end":{"line":3,"column":215}}]}},"s":{"0":0,"1":0,"2":0},"f":{"0":0},"b":{"0":[0,0],"1":[0,0]}}
,"C:\\Users\\mnick\\Desktop\\qwe\\src\\models\\index.js": {"path":"C:\\Users\\mnick\\Desktop\\qwe\\src\\models\\index.js","statementMap":{"0":{"start":{"line":1,"column":39},"end":{"line":1,"column":101}},"1":{"start":{"line":1,"column":101},"end":{"line":1,"column":126}},"2":{"start":{"line":3,"column":164},"end":{"line":3,"column":218}},"3":{"start":{"line":6,"column":2},"end":{"line":6,"column":71}}},"fnMap":{"0":{"name":"_interopRequireDefault","decl":{"start":{"line":3,"column":135},"end":{"line":3,"column":157}},"loc":{"start":{"line":3,"column":163},"end":{"line":3,"column":219}}},"1":{"name":"sync","decl":{"start":{"line":5,"column":9},"end":{"line":5,"column":13}},"loc":{"start":{"line":5,"column":23},"end":{"line":7,"column":1}}}},"branchMap":{"0":{"loc":{"start":{"line":3,"column":171},"end":{"line":3,"column":217}},"type":"cond-expr","locations":[{"start":{"line":3,"column":195},"end":{"line":3,"column":198}},{"start":{"line":3,"column":201},"end":{"line":3,"column":217}}]},"1":{"loc":{"start":{"line":3,"column":171},"end":{"line":3,"column":192}},"type":"binary-expr","locations":[{"start":{"line":3,"column":171},"end":{"line":3,"column":174}},{"start":{"line":3,"column":178},"end":{"line":3,"column":192}}]}},"s":{"0":0,"1":0,"2":0,"3":0},"f":{"0":0,"1":0},"b":{"0":[0,0],"1":[0,0]}}
}
